\BOOKMARK [0][-]{chapter*.2}{Introduction}{}% 1
\BOOKMARK [0][-]{chapter.1}{Basic game theory}{}% 2
\BOOKMARK [1][-]{section.1.1}{Infinite games}{chapter.1}% 3
\BOOKMARK [1][-]{section.1.2}{Regularity properties and games}{chapter.1}% 4
\BOOKMARK [1][-]{section.1.3}{Axiom of determinacy}{chapter.1}% 5
\BOOKMARK [0][-]{chapter.2}{Borel determinacy}{}% 6
\BOOKMARK [1][-]{section.2.1}{Determinacy of open and closed games}{chapter.2}% 7
\BOOKMARK [1][-]{section.2.2}{Borel determinacy}{chapter.2}% 8
\BOOKMARK [0][-]{chapter.3}{Analytic determinacy}{}% 9
\BOOKMARK [1][-]{section.3.1}{Ramsey cardinals}{chapter.3}% 10
\BOOKMARK [1][-]{section.3.2}{Kleene-Brouwer ordering}{chapter.3}% 11
\BOOKMARK [1][-]{section.3.3}{Analytic determinacy}{chapter.3}% 12
\BOOKMARK [0][-]{chapter.4}{Blackwell determinacy}{}% 13
\BOOKMARK [1][-]{section.4.1}{Blackwell games}{chapter.4}% 14
\BOOKMARK [1][-]{section.4.2}{Blackwell determinacy}{chapter.4}% 15
\BOOKMARK [0][-]{appendix.A}{Preliminaries}{}% 16
\BOOKMARK [1][-]{section.A.1}{Polish spaces and trees}{appendix.A}% 17
\BOOKMARK [1][-]{section.A.2}{Borel and analytic sets}{appendix.A}% 18
\BOOKMARK [1][-]{section.A.3}{Baire property}{appendix.A}% 19
\BOOKMARK [1][-]{section.A.4}{Perfect set property}{appendix.A}% 20
\BOOKMARK [1][-]{section.A.5}{Lebesgue measurability}{appendix.A}% 21
